2022.05.13 03:28:49 INFO  ce[][o.s.p.ProcessEntryPoint] Starting Compute Engine
2022.05.13 03:28:49 INFO  ce[][o.s.ce.app.CeServer] Compute Engine starting up...
2022.05.13 03:28:49 INFO  ce[][o.sonar.db.Database] Create JDBC data source for jdbc:h2:tcp://127.0.0.1:9092/sonar;NON_KEYWORDS=VALUE
2022.05.13 03:28:49 WARN  ce[][o.s.db.dialect.H2] H2 database should be used for evaluation purpose only.
2022.05.13 03:28:52 INFO  ce[][o.s.s.p.ServerFileSystemImpl] SonarQube home: /opt/sonarqube
2022.05.13 03:28:53 INFO  ce[][o.s.c.c.CePluginRepository] Load plugins
2022.05.13 03:28:55 INFO  ce[][o.s.c.c.ComputeEngineContainerImpl] Running Community edition
2022.05.13 03:28:55 INFO  ce[][o.s.ce.app.CeServer] Compute Engine is started
2022.05.13 07:54:39 WARN  ce[][o.a.c.d.BasicDataSource] An internal object pool swallowed an Exception.
org.h2.jdbc.JdbcSQLNonTransientConnectionException: Connection is broken: "java.net.SocketTimeoutException: 127.0.0.1:9092" [90067-210]
	at org.h2.message.DbException.getJdbcSQLException(DbException.java:697)
	at org.h2.message.DbException.getJdbcSQLException(DbException.java:496)
	at org.h2.message.DbException.get(DbException.java:216)
	at org.h2.engine.SessionRemote.connectServer(SessionRemote.java:437)
	at org.h2.engine.SessionRemote.connectEmbeddedOrServer(SessionRemote.java:325)
	at org.h2.jdbc.JdbcConnection.<init>(JdbcConnection.java:122)
	at org.h2.Driver.connect(Driver.java:59)
	at org.apache.commons.dbcp2.DriverConnectionFactory.createConnection(DriverConnectionFactory.java:52)
	at org.apache.commons.dbcp2.PoolableConnectionFactory.makeObject(PoolableConnectionFactory.java:374)
	at org.apache.commons.pool2.impl.GenericObjectPool.create(GenericObjectPool.java:565)
	at org.apache.commons.pool2.impl.GenericObjectPool.ensureIdle(GenericObjectPool.java:631)
	at org.apache.commons.pool2.impl.GenericObjectPool.ensureMinIdle(GenericObjectPool.java:653)
	at org.apache.commons.pool2.impl.BaseGenericObjectPool$Evictor.run(BaseGenericObjectPool.java:164)
	at org.apache.commons.pool2.impl.EvictionTimer$WeakRunner.run(EvictionTimer.java:113)
	at java.base/java.util.concurrent.Executors$RunnableAdapter.call(Executors.java:515)
	at java.base/java.util.concurrent.FutureTask.runAndReset(FutureTask.java:305)
	at java.base/java.util.concurrent.ScheduledThreadPoolExecutor$ScheduledFutureTask.run(ScheduledThreadPoolExecutor.java:305)
	at java.base/java.util.concurrent.ThreadPoolExecutor.runWorker(ThreadPoolExecutor.java:1128)
	at java.base/java.util.concurrent.ThreadPoolExecutor$Worker.run(ThreadPoolExecutor.java:628)
	at java.base/java.lang.Thread.run(Thread.java:829)
Caused by: java.net.SocketTimeoutException: null
	at java.base/java.net.SocksSocketImpl.remainingMillis(SocksSocketImpl.java:124)
	at java.base/java.net.SocksSocketImpl.connect(SocksSocketImpl.java:392)
	at java.base/java.net.Socket.connect(Socket.java:609)
	at org.h2.util.NetUtils.createSocket(NetUtils.java:135)
	at org.h2.util.NetUtils.createSocket(NetUtils.java:99)
	at org.h2.engine.SessionRemote.initTransfer(SessionRemote.java:130)
	at org.h2.engine.SessionRemote.connectServer(SessionRemote.java:433)
	... 16 common frames omitted
2022.05.13 20:19:42 INFO  ce[][o.s.p.ProcessEntryPoint] Starting Compute Engine
2022.05.13 20:19:42 INFO  ce[][o.s.ce.app.CeServer] Compute Engine starting up...
2022.05.13 20:19:42 INFO  ce[][o.sonar.db.Database] Create JDBC data source for jdbc:h2:tcp://127.0.0.1:9092/sonar;NON_KEYWORDS=VALUE
2022.05.13 20:19:42 WARN  ce[][o.s.db.dialect.H2] H2 database should be used for evaluation purpose only.
2022.05.13 20:19:43 INFO  ce[][o.s.s.p.ServerFileSystemImpl] SonarQube home: /opt/sonarqube
2022.05.13 20:19:43 INFO  ce[][o.s.c.c.CePluginRepository] Load plugins
2022.05.13 20:19:44 INFO  ce[][o.s.c.c.ComputeEngineContainerImpl] Running Community edition
2022.05.13 20:19:44 INFO  ce[][o.s.ce.app.CeServer] Compute Engine is started
