2022.05.11 04:49:44 INFO  app[][o.s.a.AppFileSystem] Cleaning or creating temp directory /opt/sonarqube/temp
2022.05.11 04:49:44 INFO  app[][o.s.a.es.EsSettings] Elasticsearch listening on [HTTP: 127.0.0.1:9001, TCP: 127.0.0.1:42231]
2022.05.11 04:49:44 INFO  app[][o.s.a.ProcessLauncherImpl] Launch process[ELASTICSEARCH] from [/opt/sonarqube/elasticsearch]: /opt/sonarqube/elasticsearch/bin/elasticsearch
2022.05.11 04:49:44 INFO  app[][o.s.a.SchedulerImpl] Waiting for Elasticsearch to be up and running
2022.05.11 04:49:52 INFO  app[][o.s.a.SchedulerImpl] Process[es] is up
2022.05.11 04:49:52 INFO  app[][o.s.a.ProcessLauncherImpl] Launch process[WEB_SERVER] from [/opt/sonarqube]: /usr/lib/jvm/java-11-openjdk/bin/java -Djava.awt.headless=true -Dfile.encoding=UTF-8 -Djava.io.tmpdir=/opt/sonarqube/temp -XX:-OmitStackTraceInFastThrow --add-opens=java.base/java.util=ALL-UNNAMED --add-opens=java.base/java.lang=ALL-UNNAMED --add-opens=java.base/java.io=ALL-UNNAMED --add-opens=java.rmi/sun.rmi.transport=ALL-UNNAMED --add-exports=java.base/jdk.internal.ref=ALL-UNNAMED --add-opens=java.base/java.nio=ALL-UNNAMED --add-opens=java.base/sun.nio.ch=ALL-UNNAMED --add-opens=java.management/sun.management=ALL-UNNAMED --add-opens=jdk.management/com.sun.management.internal=ALL-UNNAMED -Dcom.redhat.fips=false -Xmx512m -Xms128m -XX:+HeapDumpOnOutOfMemoryError -Dhttp.nonProxyHosts=localhost|127.*|[::1] -cp ./lib/sonar-application-9.4.0.54424.jar:/opt/sonarqube/lib/jdbc/h2/h2-2.1.210.jar org.sonar.server.app.WebServer /opt/sonarqube/temp/sq-process14896297179856692785properties
2022.05.11 04:50:39 INFO  app[][o.s.a.SchedulerImpl] Process[web] is up
2022.05.11 04:50:39 INFO  app[][o.s.a.ProcessLauncherImpl] Launch process[COMPUTE_ENGINE] from [/opt/sonarqube]: /usr/lib/jvm/java-11-openjdk/bin/java -Djava.awt.headless=true -Dfile.encoding=UTF-8 -Djava.io.tmpdir=/opt/sonarqube/temp -XX:-OmitStackTraceInFastThrow --add-opens=java.base/java.util=ALL-UNNAMED --add-exports=java.base/jdk.internal.ref=ALL-UNNAMED --add-opens=java.base/java.lang=ALL-UNNAMED --add-opens=java.base/java.nio=ALL-UNNAMED --add-opens=java.base/sun.nio.ch=ALL-UNNAMED --add-opens=java.management/sun.management=ALL-UNNAMED --add-opens=jdk.management/com.sun.management.internal=ALL-UNNAMED -Dcom.redhat.fips=false -Xmx512m -Xms128m -XX:+HeapDumpOnOutOfMemoryError -Dhttp.nonProxyHosts=localhost|127.*|[::1] -cp ./lib/sonar-application-9.4.0.54424.jar:/opt/sonarqube/lib/jdbc/h2/h2-2.1.210.jar org.sonar.ce.app.CeServer /opt/sonarqube/temp/sq-process1385953205060504231properties
2022.05.11 04:50:39 WARN  app[][startup] ####################################################################################################################
2022.05.11 04:50:40 WARN  app[][startup] Default Administrator credentials are still being used. Make sure to change the password or deactivate the account.
2022.05.11 04:50:40 WARN  app[][startup] ####################################################################################################################
2022.05.11 04:51:34 INFO  app[][o.s.a.SchedulerImpl] Process[ce] is up
2022.05.11 04:51:34 INFO  app[][o.s.a.SchedulerImpl] SonarQube is operational
2022.05.11 21:06:37 INFO  app[][o.s.a.AppFileSystem] Cleaning or creating temp directory /opt/sonarqube/temp
2022.05.11 21:06:37 INFO  app[][o.s.a.es.EsSettings] Elasticsearch listening on [HTTP: 127.0.0.1:9001, TCP: 127.0.0.1:40891]
2022.05.11 21:06:37 INFO  app[][o.s.a.ProcessLauncherImpl] Launch process[ELASTICSEARCH] from [/opt/sonarqube/elasticsearch]: /opt/sonarqube/elasticsearch/bin/elasticsearch
2022.05.11 21:06:37 INFO  app[][o.s.a.SchedulerImpl] Waiting for Elasticsearch to be up and running
2022.05.11 21:06:49 INFO  app[][o.s.a.SchedulerImpl] Process[es] is up
2022.05.11 21:06:49 INFO  app[][o.s.a.ProcessLauncherImpl] Launch process[WEB_SERVER] from [/opt/sonarqube]: /usr/lib/jvm/java-11-openjdk/bin/java -Djava.awt.headless=true -Dfile.encoding=UTF-8 -Djava.io.tmpdir=/opt/sonarqube/temp -XX:-OmitStackTraceInFastThrow --add-opens=java.base/java.util=ALL-UNNAMED --add-opens=java.base/java.lang=ALL-UNNAMED --add-opens=java.base/java.io=ALL-UNNAMED --add-opens=java.rmi/sun.rmi.transport=ALL-UNNAMED --add-exports=java.base/jdk.internal.ref=ALL-UNNAMED --add-opens=java.base/java.nio=ALL-UNNAMED --add-opens=java.base/sun.nio.ch=ALL-UNNAMED --add-opens=java.management/sun.management=ALL-UNNAMED --add-opens=jdk.management/com.sun.management.internal=ALL-UNNAMED -Dcom.redhat.fips=false -Xmx512m -Xms128m -XX:+HeapDumpOnOutOfMemoryError -Dhttp.nonProxyHosts=localhost|127.*|[::1] -cp ./lib/sonar-application-9.4.0.54424.jar:/opt/sonarqube/lib/jdbc/h2/h2-2.1.210.jar org.sonar.server.app.WebServer /opt/sonarqube/temp/sq-process4563795861938531476properties
2022.05.11 21:07:02 INFO  app[][o.s.a.SchedulerImpl] Process[web] is up
2022.05.11 21:07:02 INFO  app[][o.s.a.ProcessLauncherImpl] Launch process[COMPUTE_ENGINE] from [/opt/sonarqube]: /usr/lib/jvm/java-11-openjdk/bin/java -Djava.awt.headless=true -Dfile.encoding=UTF-8 -Djava.io.tmpdir=/opt/sonarqube/temp -XX:-OmitStackTraceInFastThrow --add-opens=java.base/java.util=ALL-UNNAMED --add-exports=java.base/jdk.internal.ref=ALL-UNNAMED --add-opens=java.base/java.lang=ALL-UNNAMED --add-opens=java.base/java.nio=ALL-UNNAMED --add-opens=java.base/sun.nio.ch=ALL-UNNAMED --add-opens=java.management/sun.management=ALL-UNNAMED --add-opens=jdk.management/com.sun.management.internal=ALL-UNNAMED -Dcom.redhat.fips=false -Xmx512m -Xms128m -XX:+HeapDumpOnOutOfMemoryError -Dhttp.nonProxyHosts=localhost|127.*|[::1] -cp ./lib/sonar-application-9.4.0.54424.jar:/opt/sonarqube/lib/jdbc/h2/h2-2.1.210.jar org.sonar.ce.app.CeServer /opt/sonarqube/temp/sq-process11666916344695385055properties
2022.05.11 21:07:35 INFO  app[][o.s.a.SchedulerImpl] Process[ce] is up
2022.05.11 21:07:35 INFO  app[][o.s.a.SchedulerImpl] SonarQube is operational
2022.05.12 23:43:27 INFO  app[][o.s.a.AppFileSystem] Cleaning or creating temp directory /opt/sonarqube/temp
2022.05.12 23:43:27 INFO  app[][o.s.a.es.EsSettings] Elasticsearch listening on [HTTP: 127.0.0.1:9001, TCP: 127.0.0.1:39803]
2022.05.12 23:43:27 INFO  app[][o.s.a.ProcessLauncherImpl] Launch process[ELASTICSEARCH] from [/opt/sonarqube/elasticsearch]: /opt/sonarqube/elasticsearch/bin/elasticsearch
2022.05.12 23:43:27 INFO  app[][o.s.a.SchedulerImpl] Waiting for Elasticsearch to be up and running
2022.05.12 23:43:41 INFO  app[][o.s.a.SchedulerImpl] Process[es] is up
2022.05.12 23:43:41 INFO  app[][o.s.a.ProcessLauncherImpl] Launch process[WEB_SERVER] from [/opt/sonarqube]: /usr/lib/jvm/java-11-openjdk/bin/java -Djava.awt.headless=true -Dfile.encoding=UTF-8 -Djava.io.tmpdir=/opt/sonarqube/temp -XX:-OmitStackTraceInFastThrow --add-opens=java.base/java.util=ALL-UNNAMED --add-opens=java.base/java.lang=ALL-UNNAMED --add-opens=java.base/java.io=ALL-UNNAMED --add-opens=java.rmi/sun.rmi.transport=ALL-UNNAMED --add-exports=java.base/jdk.internal.ref=ALL-UNNAMED --add-opens=java.base/java.nio=ALL-UNNAMED --add-opens=java.base/sun.nio.ch=ALL-UNNAMED --add-opens=java.management/sun.management=ALL-UNNAMED --add-opens=jdk.management/com.sun.management.internal=ALL-UNNAMED -Dcom.redhat.fips=false -Xmx512m -Xms128m -XX:+HeapDumpOnOutOfMemoryError -Dhttp.nonProxyHosts=localhost|127.*|[::1] -cp ./lib/sonar-application-9.4.0.54424.jar:/opt/sonarqube/lib/jdbc/h2/h2-2.1.210.jar org.sonar.server.app.WebServer /opt/sonarqube/temp/sq-process14584800554609621301properties
2022.05.12 23:43:59 INFO  app[][o.s.a.SchedulerImpl] Process[web] is up
2022.05.12 23:43:59 INFO  app[][o.s.a.ProcessLauncherImpl] Launch process[COMPUTE_ENGINE] from [/opt/sonarqube]: /usr/lib/jvm/java-11-openjdk/bin/java -Djava.awt.headless=true -Dfile.encoding=UTF-8 -Djava.io.tmpdir=/opt/sonarqube/temp -XX:-OmitStackTraceInFastThrow --add-opens=java.base/java.util=ALL-UNNAMED --add-exports=java.base/jdk.internal.ref=ALL-UNNAMED --add-opens=java.base/java.lang=ALL-UNNAMED --add-opens=java.base/java.nio=ALL-UNNAMED --add-opens=java.base/sun.nio.ch=ALL-UNNAMED --add-opens=java.management/sun.management=ALL-UNNAMED --add-opens=jdk.management/com.sun.management.internal=ALL-UNNAMED -Dcom.redhat.fips=false -Xmx512m -Xms128m -XX:+HeapDumpOnOutOfMemoryError -Dhttp.nonProxyHosts=localhost|127.*|[::1] -cp ./lib/sonar-application-9.4.0.54424.jar:/opt/sonarqube/lib/jdbc/h2/h2-2.1.210.jar org.sonar.ce.app.CeServer /opt/sonarqube/temp/sq-process6915617201483820987properties
2022.05.12 23:44:06 INFO  app[][o.s.a.SchedulerImpl] Process[ce] is up
2022.05.12 23:44:06 INFO  app[][o.s.a.SchedulerImpl] SonarQube is operational
2022.05.12 23:44:53 INFO  app[][o.s.a.SchedulerImpl] Stopping SonarQube
2022.05.12 23:44:54 INFO  app[][o.s.a.SchedulerImpl] Process[Compute Engine] is stopped
2022.05.12 23:44:54 INFO  app[][o.s.a.SchedulerImpl] Process[Web Server] is stopped
2022.05.12 23:44:54 WARN  app[][o.s.a.p.AbstractManagedProcess] Process exited with exit value [ElasticSearch]: 143
2022.05.12 23:44:54 INFO  app[][o.s.a.SchedulerImpl] Process[ElasticSearch] is stopped
2022.05.12 23:44:54 INFO  app[][o.s.a.SchedulerImpl] SonarQube is stopped
2022.05.12 23:44:57 INFO  app[][o.s.a.AppFileSystem] Cleaning or creating temp directory /opt/sonarqube/temp
2022.05.12 23:44:57 INFO  app[][o.s.a.es.EsSettings] Elasticsearch listening on [HTTP: 127.0.0.1:9001, TCP: 127.0.0.1:40717]
2022.05.12 23:44:57 INFO  app[][o.s.a.ProcessLauncherImpl] Launch process[ELASTICSEARCH] from [/opt/sonarqube/elasticsearch]: /opt/sonarqube/elasticsearch/bin/elasticsearch
2022.05.12 23:44:57 INFO  app[][o.s.a.SchedulerImpl] Waiting for Elasticsearch to be up and running
2022.05.12 23:45:09 INFO  app[][o.s.a.SchedulerImpl] Process[es] is up
2022.05.12 23:45:09 INFO  app[][o.s.a.ProcessLauncherImpl] Launch process[WEB_SERVER] from [/opt/sonarqube]: /usr/lib/jvm/java-11-openjdk/bin/java -Djava.awt.headless=true -Dfile.encoding=UTF-8 -Djava.io.tmpdir=/opt/sonarqube/temp -XX:-OmitStackTraceInFastThrow --add-opens=java.base/java.util=ALL-UNNAMED --add-opens=java.base/java.lang=ALL-UNNAMED --add-opens=java.base/java.io=ALL-UNNAMED --add-opens=java.rmi/sun.rmi.transport=ALL-UNNAMED --add-exports=java.base/jdk.internal.ref=ALL-UNNAMED --add-opens=java.base/java.nio=ALL-UNNAMED --add-opens=java.base/sun.nio.ch=ALL-UNNAMED --add-opens=java.management/sun.management=ALL-UNNAMED --add-opens=jdk.management/com.sun.management.internal=ALL-UNNAMED -Dcom.redhat.fips=false -Xmx512m -Xms128m -XX:+HeapDumpOnOutOfMemoryError -Dhttp.nonProxyHosts=localhost|127.*|[::1] -cp ./lib/sonar-application-9.4.0.54424.jar:/opt/sonarqube/lib/jdbc/h2/h2-2.1.210.jar org.sonar.server.app.WebServer /opt/sonarqube/temp/sq-process15375194917524813174properties
2022.05.12 23:45:19 INFO  app[][o.s.a.SchedulerImpl] Process[web] is up
2022.05.12 23:45:19 INFO  app[][o.s.a.ProcessLauncherImpl] Launch process[COMPUTE_ENGINE] from [/opt/sonarqube]: /usr/lib/jvm/java-11-openjdk/bin/java -Djava.awt.headless=true -Dfile.encoding=UTF-8 -Djava.io.tmpdir=/opt/sonarqube/temp -XX:-OmitStackTraceInFastThrow --add-opens=java.base/java.util=ALL-UNNAMED --add-exports=java.base/jdk.internal.ref=ALL-UNNAMED --add-opens=java.base/java.lang=ALL-UNNAMED --add-opens=java.base/java.nio=ALL-UNNAMED --add-opens=java.base/sun.nio.ch=ALL-UNNAMED --add-opens=java.management/sun.management=ALL-UNNAMED --add-opens=jdk.management/com.sun.management.internal=ALL-UNNAMED -Dcom.redhat.fips=false -Xmx512m -Xms128m -XX:+HeapDumpOnOutOfMemoryError -Dhttp.nonProxyHosts=localhost|127.*|[::1] -cp ./lib/sonar-application-9.4.0.54424.jar:/opt/sonarqube/lib/jdbc/h2/h2-2.1.210.jar org.sonar.ce.app.CeServer /opt/sonarqube/temp/sq-process515623018031299207properties
2022.05.12 23:45:24 INFO  app[][o.s.a.SchedulerImpl] Process[ce] is up
2022.05.12 23:45:24 INFO  app[][o.s.a.SchedulerImpl] SonarQube is operational
